<?xml version="1.0" encoding="UTF-8"?>
<!-- Generated by org.testng.reporters.JUnitReportReporter -->
<testsuite hostname="MUM-LAP-1579" failures="0" tests="2" name="test.Test2" time="0.006" errors="0" timestamp="2023-03-07T17:57:05 IST" skipped="0">
  <testcase classname="test.Test2" name="Method2" time="0.003"/>
  <system-out/>
  <testcase classname="test.Test2" name="Test1" time="0.003"/>
  <system-out/>
</testsuite> <!-- test.Test2 -->
