<?xml version="1.0" encoding="UTF-8"?>
<!-- Generated by org.testng.reporters.JUnitReportReporter -->
<testsuite hostname="MUM-LAP-1579" failures="0" tests="3" name="test.Test5DataProvider" time="0.021" errors="0" timestamp="2022-12-14T16:30:05 IST" skipped="0">
  <testcase classname="test.Test5DataProvider" name="Printingdata" time="0.004"/>
  <system-out/>
  <testcase classname="test.Test5DataProvider" name="Printingdata" time="0.006"/>
  <system-out/>
  <testcase classname="test.Test5DataProvider" name="Printingdata" time="0.011"/>
  <system-out/>
</testsuite> <!-- test.Test5DataProvider -->
