<?xml version="1.0" encoding="UTF-8"?>
<!-- Generated by org.testng.reporters.JUnitReportReporter -->
<testsuite hostname="MUM-LAP-1579" failures="0" tests="1" name="test.Test1" time="0.007" errors="0" timestamp="2023-03-07T17:57:05 IST" skipped="0">
  <testcase classname="test.Test1" name="Test1" time="0.007"/>
  <system-out/>
</testsuite> <!-- test.Test1 -->
